
--------------------------------------------------
TXLib предупреждает:

Программа: D:\Хайрулов Иван\генератор картины 2год\bin\Debug\генератор картины 2год.exe,

ВНЕЗАПНО: Нарушение доступа к памяти.

#1: Исключение EXCEPTION_ACCESS_VIOLATION (0xC0000005) при выполнении кода по адресу 0x0044453C в функции _M_is_leaked() в файле d:/codeblocks/mingw/include/c++/4.8.1/debug/functions.h на строке 45. Попытка прочесть данные по адресу 0xFFFFFFFC в модуле D:\Хайрулов Иван\генератор картины 2год\bin\Debug\генератор картины 2год.exe. Спасибо _txVectoredExceptionHandler(), что сообщил. Люблю его <3

#1: TXLib [Ver: 00173a, Rev: 171, Date: 2022-07-23 02:08:28 +0400], Instance: 0x004F72FC (32-bit), Flags: CMdRe0, Thread: 0x11FC (Main). 

--------------------------------------------------
Стек вызовов:

# 0 0x0044453C in D:\Хайрулов Иван\генератор картины 2год\bin\Debug\генератор картины 2год.exe: _M_is_leaked() at d:/codeblocks/mingw/include/c++/4.8.1/debug/functions.h (45):

     43:   // An arbitrary iterator pointer is not singular.
     44:   inline bool
=>   45:   __check_singular_aux(const void*) { return false; }
     46: 
     47:   // We may have an iterator that derives from _Safe_iterator_base but isn't

# 1 0x0047345B in D:\Хайрулов Иван\генератор картины 2год\bin\Debug\генератор картины 2год.exe: swap() at d:/codeblocks/mingw/include/c++/4.8.1/debug/functions.h (45):

     43:   // An arbitrary iterator pointer is not singular.
     44:   inline bool
=>   45:   __check_singular_aux(const void*) { return false; }
     46: 
     47:   // We may have an iterator that derives from _Safe_iterator_base but isn't

# 2 0x0047AE09 in D:\Хайрулов Иван\генератор картины 2год\bin\Debug\генератор картины 2год.exe: operator=() at d:/codeblocks/mingw/include/c++/4.8.1/debug/functions.h (45):

     43:   // An arbitrary iterator pointer is not singular.
     44:   inline bool
=>   45:   __check_singular_aux(const void*) { return false; }
     46: 
     47:   // We may have an iterator that derives from _Safe_iterator_base but isn't

# 3 0x0043E9F5 in D:\Хайрулов Иван\генератор картины 2год\bin\Debug\генератор картины 2год.exe: operator=() at d:/codeblocks/mingw/include/c++/4.8.1/debug/functions.h (45):

     43:   // An arbitrary iterator pointer is not singular.
     44:   inline bool
=>   45:   __check_singular_aux(const void*) { return false; }
     46: 
     47:   // We may have an iterator that derives from _Safe_iterator_base but isn't

# 4 0x0041D02C in D:\Хайрулов Иван\генератор картины 2год\bin\Debug\генератор картины 2год.exe: main() at D:/Хайрулов Иван/генератор картины 2год/main.cpp (155):

    153:     btn[7] = {250, 55, 170, 35, "сохранить", TX_LIGHTBLUE, ""};
    154:     btn[8] = {440, 55, 170, 35, "загрузить", TX_LIGHTBLUE, ""};
=>  155:     btn[9] = {630, 55, 170, 35, "помощ", TX_LIGHTBLUE, ""};
    156: 
    157: 

--------------------------------------------------
Developed with:

The Dumb Artist Library (TX Library)
TXLib [Ver: 00173a, Rev: 171, Date: 2022-07-23 02:08:28 +0400]
Copyright (C) Ded (Ilya Dedinsky, http://txlib.ru) <mail@txlib.ru>
See license on: http://txlib.ru

TXLib file:	d:\codeblocks\mingw\include\txlib.h
Compiled:	Nov  1 2024 18:19:54, GNU g++ 4.8.1, std=201103L, MinGW Runtime 3.20, 32-bit, Debug
Started:	Nov 01 2024 18:20:15

Run file:	D:\Хайрулов Иван\генератор картины 2год\bin\Debug\генератор картины 2год.exe
Directory:	D:\Хайрулов Иван\генератор картины 2год

--------------------------------------------------

--------------------------------------------------
TXLib соболезнует...

Программа: D:\Хайрулов Иван\генератор картины 2год\bin\Debug\генератор картины 2год.exe,

ВНЕЗАПНО: signal (11, 0x00): SIGSEGV: Доступ по неверному указателю. Ставьте ассерты! 

Нарушение доступа к памяти.

#1: Исключение EXCEPTION_ACCESS_VIOLATION (0xC0000005) при выполнении кода по адресу 0x0044453C в функции _M_is_leaked() в файле d:/codeblocks/mingw/include/c++/4.8.1/debug/functions.h на строке 45. Попытка прочесть данные по адресу 0xFFFFFFFC в модуле D:\Хайрулов Иван\генератор картины 2год\bin\Debug\генератор картины 2год.exe. Спасибо _txVectoredExceptionHandler(), что сообщил. Люблю его <3

С помощью функции signal() вы можете сами обработать эту ошибку.

#2: TXLib [Ver: 00173a, Rev: 171, Date: 2022-07-23 02:08:28 +0400], Instance: 0x004F72FC (32-bit), Flags: CMdRe0, Thread: 0x11FC (Main). 

--------------------------------------------------
Стек вызовов:

# 0 0x0044453C in D:\Хайрулов Иван\генератор картины 2год\bin\Debug\генератор картины 2год.exe: _M_is_leaked() at d:/codeblocks/mingw/include/c++/4.8.1/debug/functions.h (45):

     43:   // An arbitrary iterator pointer is not singular.
     44:   inline bool
=>   45:   __check_singular_aux(const void*) { return false; }
     46: 
     47:   // We may have an iterator that derives from _Safe_iterator_base but isn't

# 1 0x0047345B in D:\Хайрулов Иван\генератор картины 2год\bin\Debug\генератор картины 2год.exe: swap() at d:/codeblocks/mingw/include/c++/4.8.1/debug/functions.h (45):

     43:   // An arbitrary iterator pointer is not singular.
     44:   inline bool
=>   45:   __check_singular_aux(const void*) { return false; }
     46: 
     47:   // We may have an iterator that derives from _Safe_iterator_base but isn't

# 2 0x0047AE09 in D:\Хайрулов Иван\генератор картины 2год\bin\Debug\генератор картины 2год.exe: operator=() at d:/codeblocks/mingw/include/c++/4.8.1/debug/functions.h (45):

     43:   // An arbitrary iterator pointer is not singular.
     44:   inline bool
=>   45:   __check_singular_aux(const void*) { return false; }
     46: 
     47:   // We may have an iterator that derives from _Safe_iterator_base but isn't

# 3 0x0043E9F5 in D:\Хайрулов Иван\генератор картины 2год\bin\Debug\генератор картины 2год.exe: operator=() at d:/codeblocks/mingw/include/c++/4.8.1/debug/functions.h (45):

     43:   // An arbitrary iterator pointer is not singular.
     44:   inline bool
=>   45:   __check_singular_aux(const void*) { return false; }
     46: 
     47:   // We may have an iterator that derives from _Safe_iterator_base but isn't

# 4 0x0041D02C in D:\Хайрулов Иван\генератор картины 2год\bin\Debug\генератор картины 2год.exe: main() at D:/Хайрулов Иван/генератор картины 2год/main.cpp (155):

    153:     btn[7] = {250, 55, 170, 35, "сохранить", TX_LIGHTBLUE, ""};
    154:     btn[8] = {440, 55, 170, 35, "загрузить", TX_LIGHTBLUE, ""};
=>  155:     btn[9] = {630, 55, 170, 35, "помощ", TX_LIGHTBLUE, ""};
    156: 
    157: 

--------------------------------------------------
Developed with:

The Dumb Artist Library (TX Library)
TXLib [Ver: 00173a, Rev: 171, Date: 2022-07-23 02:08:28 +0400]
Copyright (C) Ded (Ilya Dedinsky, http://txlib.ru) <mail@txlib.ru>
See license on: http://txlib.ru

TXLib file:	d:\codeblocks\mingw\include\txlib.h
Compiled:	Nov  1 2024 18:19:54, GNU g++ 4.8.1, std=201103L, MinGW Runtime 3.20, 32-bit, Debug
Started:	Nov 01 2024 18:20:15

Run file:	D:\Хайрулов Иван\генератор картины 2год\bin\Debug\генератор картины 2год.exe
Directory:	D:\Хайрулов Иван\генератор картины 2год

--------------------------------------------------

--------------------------------------------------
TXLib предупреждает:

Программа: D:\Хайрулов Иван\генератор картины 2год\bin\Debug\генератор картины 2год.exe,

ВНЕЗАПНО: Нарушение доступа к памяти.

#1: Исключение EXCEPTION_ACCESS_VIOLATION (0xC0000005) при выполнении кода по адресу 0x00401433 в функции __exchange_and_add() в файле d:/codeblocks/mingw/include/c++/4.8.1/ext/atomicity.h на строке 47. Попытка записать данные по адресу 0x007FFFFC в модуле D:\Хайрулов Иван\генератор картины 2год\bin\Debug\генератор картины 2год.exe. Спасибо _txVectoredExceptionHandler(), что сообщил. Люблю его <3

#1: TXLib [Ver: 00173a, Rev: 171, Date: 2022-07-23 02:08:28 +0400], Instance: 0x004F82FC (32-bit), Flags: CMdRe0, Thread: 0x29D4 (Main). 

--------------------------------------------------
Стек вызовов:

# 0 0x00401433 in D:\Хайрулов Иван\генератор картины 2год\bin\Debug\генератор картины 2год.exe: __exchange_and_add() at d:/codeblocks/mingw/include/c++/4.8.1/ext/atomicity.h (47):

     45:   static inline _Atomic_word 
     46:   __exchange_and_add(volatile _Atomic_word* __mem, int __val)
=>   47:   { return __atomic_fetch_add(__mem, __val, __ATOMIC_ACQ_REL); }
     48: 
     49:   static inline void

# 1 0x004014A5 in D:\Хайрулов Иван\генератор картины 2год\bin\Debug\генератор картины 2год.exe: __exchange_and_add_dispatch() at d:/codeblocks/mingw/include/c++/4.8.1/ext/atomicity.h (80):

     78: #ifdef __GTHREADS
     79:     if (__gthread_active_p())
=>   80:       return __exchange_and_add(__mem, __val);
     81:     else
     82:       return __exchange_and_add_single(__mem, __val);

# 2 0x00473A0A in D:\Хайрулов Иван\генератор картины 2год\bin\Debug\генератор картины 2год.exe: _M_dispose() at d:/codeblocks/mingw/include/c++/4.8.1/debug/functions.h (45):

     43:   // An arbitrary iterator pointer is not singular.
     44:   inline bool
=>   45:   __check_singular_aux(const void*) { return false; }
     46: 
     47:   // We may have an iterator that derives from _Safe_iterator_base but isn't

# 3 0x0047B8E3 in D:\Хайрулов Иван\генератор картины 2год\bin\Debug\генератор картины 2год.exe at d:/codeblocks/mingw/include/c++/4.8.1/debug/functions.h (45):

     43:   // An arbitrary iterator pointer is not singular.
     44:   inline bool
=>   45:   __check_singular_aux(const void*) { return false; }
     46: 
     47:   // We may have an iterator that derives from _Safe_iterator_base but isn't

# 4 0x0043F732 in D:\Хайрулов Иван\генератор картины 2год\bin\Debug\генератор картины 2год.exe at d:/codeblocks/mingw/include/c++/4.8.1/debug/functions.h (45):

     43:   // An arbitrary iterator pointer is not singular.
     44:   inline bool
=>   45:   __check_singular_aux(const void*) { return false; }
     46: 
     47:   // We may have an iterator that derives from _Safe_iterator_base but isn't

# 5 0x0041E8D3 in D:\Хайрулов Иван\генератор картины 2год\bin\Debug\генератор картины 2год.exe: main() at D:/Хайрулов Иван/генератор картины 2год/main.cpp (191):

    189:     menu_pic[16] = {10, 200, "pictures/животные/жираф.bmp", txLoadImage("pictures/животные/жираф.bmp"), 80, 80, 400, 400, false, "животные"};
    190:     menu_pic[17] = {10, 300, "pictures/животные/нюхач.bmp", txLoadImage("pictures/животные/нюхач.bmp"), 80, 80, 400, 400, false, "животные"};
=>  191:     menu_pic[18] = {10, 400, "pictures/животные/кот.bmp", txLoadImage("pictures/животные/кот.bmp"), 80, 80, 400, 400, false, "животные"};
    192: 
    193: 

--------------------------------------------------
Developed with:

The Dumb Artist Library (TX Library)
TXLib [Ver: 00173a, Rev: 171, Date: 2022-07-23 02:08:28 +0400]
Copyright (C) Ded (Ilya Dedinsky, http://txlib.ru) <mail@txlib.ru>
See license on: http://txlib.ru

TXLib file:	d:\codeblocks\mingw\include\txlib.h
Compiled:	Nov 11 2024 18:01:31, GNU g++ 4.8.1, std=201103L, MinGW Runtime 3.20, 32-bit, Debug
Started:	Nov 11 2024 18:01:53

Run file:	D:\Хайрулов Иван\генератор картины 2год\bin\Debug\генератор картины 2год.exe
Directory:	D:\Хайрулов Иван\генератор картины 2год

--------------------------------------------------

--------------------------------------------------
TXLib соболезнует...

Программа: D:\Хайрулов Иван\генератор картины 2год\bin\Debug\генератор картины 2год.exe,

ВНЕЗАПНО: signal (11, 0x00): SIGSEGV: Доступ по неверному указателю. Ставьте ассерты! 

Нарушение доступа к памяти.

#1: Исключение EXCEPTION_ACCESS_VIOLATION (0xC0000005) при выполнении кода по адресу 0x00401433 в функции __exchange_and_add() в файле d:/codeblocks/mingw/include/c++/4.8.1/ext/atomicity.h на строке 47. Попытка записать данные по адресу 0x007FFFFC в модуле D:\Хайрулов Иван\генератор картины 2год\bin\Debug\генератор картины 2год.exe. Спасибо _txVectoredExceptionHandler(), что сообщил. Люблю его <3

С помощью функции signal() вы можете сами обработать эту ошибку.

#2: TXLib [Ver: 00173a, Rev: 171, Date: 2022-07-23 02:08:28 +0400], Instance: 0x004F82FC (32-bit), Flags: CMdRe0, Thread: 0x29D4 (Main). 

--------------------------------------------------
Стек вызовов:

# 0 0x00401433 in D:\Хайрулов Иван\генератор картины 2год\bin\Debug\генератор картины 2год.exe: __exchange_and_add() at d:/codeblocks/mingw/include/c++/4.8.1/ext/atomicity.h (47):

     45:   static inline _Atomic_word 
     46:   __exchange_and_add(volatile _Atomic_word* __mem, int __val)
=>   47:   { return __atomic_fetch_add(__mem, __val, __ATOMIC_ACQ_REL); }
     48: 
     49:   static inline void

# 1 0x004014A5 in D:\Хайрулов Иван\генератор картины 2год\bin\Debug\генератор картины 2год.exe: __exchange_and_add_dispatch() at d:/codeblocks/mingw/include/c++/4.8.1/ext/atomicity.h (80):

     78: #ifdef __GTHREADS
     79:     if (__gthread_active_p())
=>   80:       return __exchange_and_add(__mem, __val);
     81:     else
     82:       return __exchange_and_add_single(__mem, __val);

# 2 0x00473A0A in D:\Хайрулов Иван\генератор картины 2год\bin\Debug\генератор картины 2год.exe: _M_dispose() at d:/codeblocks/mingw/include/c++/4.8.1/debug/functions.h (45):

     43:   // An arbitrary iterator pointer is not singular.
     44:   inline bool
=>   45:   __check_singular_aux(const void*) { return false; }
     46: 
     47:   // We may have an iterator that derives from _Safe_iterator_base but isn't

# 3 0x0047B8E3 in D:\Хайрулов Иван\генератор картины 2год\bin\Debug\генератор картины 2год.exe at d:/codeblocks/mingw/include/c++/4.8.1/debug/functions.h (45):

     43:   // An arbitrary iterator pointer is not singular.
     44:   inline bool
=>   45:   __check_singular_aux(const void*) { return false; }
     46: 
     47:   // We may have an iterator that derives from _Safe_iterator_base but isn't

# 4 0x0043F732 in D:\Хайрулов Иван\генератор картины 2год\bin\Debug\генератор картины 2год.exe at d:/codeblocks/mingw/include/c++/4.8.1/debug/functions.h (45):

     43:   // An arbitrary iterator pointer is not singular.
     44:   inline bool
=>   45:   __check_singular_aux(const void*) { return false; }
     46: 
     47:   // We may have an iterator that derives from _Safe_iterator_base but isn't

# 5 0x0041E8D3 in D:\Хайрулов Иван\генератор картины 2год\bin\Debug\генератор картины 2год.exe: main() at D:/Хайрулов Иван/генератор картины 2год/main.cpp (191):

    189:     menu_pic[16] = {10, 200, "pictures/животные/жираф.bmp", txLoadImage("pictures/животные/жираф.bmp"), 80, 80, 400, 400, false, "животные"};
    190:     menu_pic[17] = {10, 300, "pictures/животные/нюхач.bmp", txLoadImage("pictures/животные/нюхач.bmp"), 80, 80, 400, 400, false, "животные"};
=>  191:     menu_pic[18] = {10, 400, "pictures/животные/кот.bmp", txLoadImage("pictures/животные/кот.bmp"), 80, 80, 400, 400, false, "животные"};
    192: 
    193: 

--------------------------------------------------
Developed with:

The Dumb Artist Library (TX Library)
TXLib [Ver: 00173a, Rev: 171, Date: 2022-07-23 02:08:28 +0400]
Copyright (C) Ded (Ilya Dedinsky, http://txlib.ru) <mail@txlib.ru>
See license on: http://txlib.ru

TXLib file:	d:\codeblocks\mingw\include\txlib.h
Compiled:	Nov 11 2024 18:01:31, GNU g++ 4.8.1, std=201103L, MinGW Runtime 3.20, 32-bit, Debug
Started:	Nov 11 2024 18:01:52

Run file:	D:\Хайрулов Иван\генератор картины 2год\bin\Debug\генератор картины 2год.exe
Directory:	D:\Хайрулов Иван\генератор картины 2год

--------------------------------------------------
